<?xml version="1.0" encoding="UTF-8"?>
<testsuite xmlns:xsi="http://www.w3.org/2001/XMLSchema-instance" xsi:schemaLocation="https://maven.apache.org/surefire/maven-surefire-plugin/xsd/surefire-test-report.xsd" name="TestSuite" time="40.583" tests="1" errors="0" skipped="0" failures="1">
  <properties>
[...]
</properties>
  <testcase name="openSites" classname="project.automation.chapter_1.tests.MainLenovoTest" time="32.98">
    <failure message="30" type="java.lang.ArrayIndexOutOfBoundsException">java.lang.ArrayIndexOutOfBoundsException: 30
	at project.automation.chapter_1.tests.MainLenovoTest.openSites(MainLenovoTest.java:11)
</failure>
    <system-out><![CDATA[***************
THINKPAD СЕРІЯ E
Найкраще рішення для малого бізнесу
Переглянути  ThinkPad серія E >
***************
]]></system-out>
    <system-err><![CDATA[Starting ChromeDriver 2.28.455520 (cc17746adff54984afff480136733114c6b3704b) on port 25655
Only local connections are allowed.
квіт. 27, 2017 5:17:04 PM org.openqa.selenium.remote.ProtocolHandshake createSession
INFO: Attempting bi-dialect session, assuming Postel's Law holds true on the remote end
квіт. 27, 2017 5:17:07 PM org.openqa.selenium.remote.ProtocolHandshake createSession
INFO: Detected dialect: OSS
]]></system-err>
  </testcase>
</testsuite>